<component name="libraryTable">
  <library name="junit-jupiter-api-5.3.2">
    <CLASSES>
      <root url="jar://$PROJECT_DIR$/springMVC_test/web/WEB-INF/lib/junit-jupiter-api-5.3.2.jar!/" />
    </CLASSES>
    <JAVADOC />
    <SOURCES />
  </library>
</component>